<?xml version="1.0" encoding="UTF-8" ?>
<testsuite errors="0" failures="0" hostname="mj-PC" name="com.live.ads21fatene.biblioteca_publica.models.daos.materiais_dao.CadastrarNovoTest" tests="1" time="1.779" timestamp="2013-05-06T00:18:55">
  <properties>
[...]
</properties>
  <testcase classname="com.live.ads21fatene.biblioteca_publica.models.daos.materiais_dao.CadastrarNovoTest" name="testComEditoraCategoriaPublicoFormatosNovos" time="1.623" />
  <system-out><![CDATA[]]></system-out>
  <system-err><![CDATA[]]></system-err>
</testsuite>
